<?xml version="1.0" encoding="UTF-8" ?>
<testsuite tests="7" failures="0" name="TestSuite" time="82.804" errors="0" skipped="0">
  <properties>
    <property name="java.runtime.name" value="Java(TM) SE Runtime Environment"/>
    <property name="sun.boot.library.path" value="C:\Program Files\Java\jdk1.8.0_251\jre\bin"/>
    <property name="java.vm.version" value="25.251-b08"/>
    <property name="java.vm.vendor" value="Oracle Corporation"/>
    <property name="maven.multiModuleProjectDirectory" value="C:\Users\hamza\IdeaProjects\ClarkAutomation"/>
    <property name="java.vendor.url" value="http://java.oracle.com/"/>
    <property name="path.separator" value=";"/>
    <property name="guice.disable.misplaced.annotation.check" value="true"/>
    <property name="java.vm.name" value="Java HotSpot(TM) 64-Bit Server VM"/>
    <property name="file.encoding.pkg" value="sun.io"/>
    <property name="user.script" value=""/>
    <property name="user.country" value="US"/>
    <property name="sun.java.launcher" value="SUN_STANDARD"/>
    <property name="sun.os.patch.level" value=""/>
    <property name="java.vm.specification.name" value="Java Virtual Machine Specification"/>
    <property name="user.dir" value="C:\Users\hamza\IdeaProjects\ClarkAutomation"/>
    <property name="java.runtime.version" value="1.8.0_251-b08"/>
    <property name="java.awt.graphicsenv" value="sun.awt.Win32GraphicsEnvironment"/>
    <property name="java.endorsed.dirs" value="C:\Program Files\Java\jdk1.8.0_251\jre\lib\endorsed"/>
    <property name="os.arch" value="amd64"/>
    <property name="java.io.tmpdir" value="C:\Users\hamza\AppData\Local\Temp\"/>
    <property name="line.separator" value="
"/>
    <property name="java.vm.specification.vendor" value="Oracle Corporation"/>
    <property name="user.variant" value=""/>
    <property name="os.name" value="Windows 10"/>
    <property name="classworlds.conf" value="C:\Program Files\MAVEN\apache-maven-3.6.3\bin\..\bin\m2.conf"/>
    <property name="sun.jnu.encoding" value="Cp1252"/>
    <property name="java.library.path" value="C:\Program Files\Java\jdk1.8.0_251\bin;C:\WINDOWS\Sun\Java\bin;C:\WINDOWS\system32;C:\WINDOWS;C:\Program Files (x86)\Common Files\Oracle\Java\javapath;C:\WINDOWS\system32;C:\WINDOWS;&quot;C:\WINDOWS\System32\Wbem;&quot;;C:\WINDOWS\System32\WindowsPowerShell\v1.0\;C:\WINDOWS\System32\OpenSSH\;C:\Users\hamza\AppData\Local\Microsoft\WindowsApps;C:\WebDriver\bin;C:\Program Files\MAVEN\apache-maven-3.6.3\bin;C:\Users\hamza\AppData\Local\Android\Sdk\tools\bin;C:\Users\hamza\AppData\Local\Android\Sdk\tools;C:\Users\hamza\AppData\Local\Android\Sdk\platform-tools;C:\Program Files\nodejs\node_modules\npm\bin;C:\Program Files\MAVEN\apache-maven-3.6.3\bin;C:\Program Files\Git\bin\;C:\Program Files\Git\cmd\;C:\Program Files\Java\jdk1.8.0_251\bin;C:\Users\hamza\gradle-7.1.1\bin;C:\Program Files\MySQL\MySQL Server 8.0\bin;C:\WINDOWS\system32;C:\WINDOWS;C:\WINDOWS\System32\Wbem;C:\WINDOWS\System32\WindowsPowerShell\v1.0\;C:\WINDOWS\System32\OpenSSH\;C:\Program Files\PuTTY\;C:\Users\hamza\AppData\Local\Programs\Python\Python310;C:\Users\hamza\AppData\Local\Programs\Python\Python310\Scripts\;C:\Program Files (x86)\dotnet\;C:\Program Files\Java\jdk1.8.0_251\bin;C:\Users\hamza\AppData\Local\Android\Sdk\platform-tools;C:\Users\hamza\AppData\Local\Android\Sdk\tools;C:\Users\hamza\AppData\Local\Android\Sdk\build-tools;C:\Users\hamza\AppData\Local\Android\Sdk\build-tools\bin;C:\Users\hamza\AppData\Local\Android\Sdk\tools\bin;C:\Program Files\Java\jdk1.8.0_251\lib;C:\Users\hamza\AppData\Local\Android\Sdk\platforms;C:\Users\hamza\AppData\Local\Android\Sdk\platform-tools;C:\Users\hamza\AppData\Local\Android\Sdk\tools\bin;C:\Program Files\nodejs\;C:\Program Files\nodejs\node_modules\npm\bin;C:\Program Files\dotnet\;C:\Users\hamza\AppData\Local\Programs\Python\Python310\Scripts\;C:\Users\hamza\AppData\Local\Programs\Python\Python310\;C:\Program Files\MySQL\MySQL Shell 8.0\bin\;C:\Users\hamza\AppData\Local\Microsoft\WindowsApps;;C:\Users\hamza\AppData\Local\Programs\Microsoft VS Code\bin;C:\Users\hamza\AppData\Roaming\npm;C:\Users\hamza\.dotnet\tools;."/>
    <property name="maven.conf" value="C:\Program Files\MAVEN\apache-maven-3.6.3\bin\../conf"/>
    <property name="java.specification.name" value="Java Platform API Specification"/>
    <property name="java.class.version" value="52.0"/>
    <property name="sun.management.compiler" value="HotSpot 64-Bit Tiered Compilers"/>
    <property name="os.version" value="10.0"/>
    <property name="library.jansi.path" value="C:\Program Files\MAVEN\apache-maven-3.6.3\bin\..\lib\jansi-native"/>
    <property name="user.home" value="C:\Users\hamza"/>
    <property name="user.timezone" value="America/New_York"/>
    <property name="java.awt.printerjob" value="sun.awt.windows.WPrinterJob"/>
    <property name="java.specification.version" value="1.8"/>
    <property name="file.encoding" value="Cp1252"/>
    <property name="user.name" value="hamza"/>
    <property name="java.class.path" value="C:\Program Files\MAVEN\apache-maven-3.6.3\bin\..\boot\plexus-classworlds-2.6.0.jar"/>
    <property name="java.vm.specification.version" value="1.8"/>
    <property name="sun.arch.data.model" value="64"/>
    <property name="java.home" value="C:\Program Files\Java\jdk1.8.0_251\jre"/>
    <property name="sun.java.command" value="org.codehaus.plexus.classworlds.launcher.Launcher test"/>
    <property name="java.specification.vendor" value="Oracle Corporation"/>
    <property name="user.language" value="en"/>
    <property name="awt.toolkit" value="sun.awt.windows.WToolkit"/>
    <property name="java.vm.info" value="mixed mode"/>
    <property name="java.version" value="1.8.0_251"/>
    <property name="java.ext.dirs" value="C:\Program Files\Java\jdk1.8.0_251\jre\lib\ext;C:\WINDOWS\Sun\Java\lib\ext"/>
    <property name="sun.boot.class.path" value="C:\Program Files\Java\jdk1.8.0_251\jre\lib\resources.jar;C:\Program Files\Java\jdk1.8.0_251\jre\lib\rt.jar;C:\Program Files\Java\jdk1.8.0_251\jre\lib\sunrsasign.jar;C:\Program Files\Java\jdk1.8.0_251\jre\lib\jsse.jar;C:\Program Files\Java\jdk1.8.0_251\jre\lib\jce.jar;C:\Program Files\Java\jdk1.8.0_251\jre\lib\charsets.jar;C:\Program Files\Java\jdk1.8.0_251\jre\lib\jfr.jar;C:\Program Files\Java\jdk1.8.0_251\jre\classes"/>
    <property name="sun.stderr.encoding" value="cp437"/>
    <property name="java.vendor" value="Oracle Corporation"/>
    <property name="maven.home" value="C:\Program Files\MAVEN\apache-maven-3.6.3\bin\.."/>
    <property name="file.separator" value="\"/>
    <property name="java.vendor.url.bug" value="http://bugreport.sun.com/bugreport/"/>
    <property name="sun.cpu.endian" value="little"/>
    <property name="sun.io.unicode.encoding" value="UnicodeLittle"/>
    <property name="sun.stdout.encoding" value="cp437"/>
    <property name="sun.desktop" value="windows"/>
    <property name="sun.cpu.isalist" value="amd64"/>
  </properties>
  <testcase classname="clark.qa.testcases.HomePageTest" name="validateTitleHomePage" time="0.016"/>
  <testcase classname="clark.qa.testcases.HomePageTest" name="validateClarkLogoHomePage" time="0.098"/>
  <testcase classname="clark.qa.testcases.HomePageTest" name="validateUserIsAbleToClickOnDistributionTab" time="5.321"/>
  <testcase classname="clark.qa.testcases.LoginPageTest" name="validateUserCanEnterCredentials" time="30.135"/>
  <testcase classname="clark.qa.testcases.LoginPageTest" name="validateUserCanEnterCredentials" time="21.861"/>
  <testcase classname="clark.qa.testcases.LoginPageTest" name="validateUserCanEnterCredentials" time="13.602"/>
  <testcase classname="clark.qa.testcases.WebStaurantHomePageTest" name="getListOfAllItems" time="11.771"/>
</testsuite>