<?xml version="1.0" encoding="UTF-8"?>
<!-- Generated by org.testng.reporters.JUnitReportReporter -->
<testsuite skipped="0" hostname="LAPTOP-0AOM9FTS" name="clark.qa.testcases.LoginPageTest" tests="3" failures="0" timestamp="2022-09-12T08:21:49 EDT" time="101.545" errors="0">
  <testcase name="validateUserCanEnterCredentials" time="33.830" classname="clark.qa.testcases.LoginPageTest"/>
  <system-out/>
  <testcase name="validateUserCanEnterCredentials" time="40.079" classname="clark.qa.testcases.LoginPageTest"/>
  <system-out/>
  <testcase name="validateUserCanEnterCredentials" time="27.636" classname="clark.qa.testcases.LoginPageTest"/>
  <system-out/>
</testsuite> <!-- clark.qa.testcases.LoginPageTest -->
