<?xml version="1.0" encoding="UTF-8"?>
<!-- Generated by org.testng.reporters.JUnitReportReporter -->
<testsuite skipped="0" hostname="LAPTOP-0AOM9FTS" name="clark.qa.testcases.WebStaurantHomePageTest" tests="1" failures="0" timestamp="2022-09-12T08:21:49 EDT" time="27.831" errors="0">
  <testcase name="getListOfAllItems" time="27.831" classname="clark.qa.testcases.WebStaurantHomePageTest"/>
  <system-out/>
</testsuite> <!-- clark.qa.testcases.WebStaurantHomePageTest -->
