<?xml version="1.0" encoding="UTF-8"?>
<!-- Generated by org.testng.reporters.JUnitReportReporter -->
<testsuite skipped="0" hostname="LAPTOP-0AOM9FTS" name="clark.qa.testcases.HomePageTest" tests="3" failures="0" timestamp="2022-09-12T08:21:49 EDT" time="33.386" errors="0">
  <testcase name="validateTitleHomePage" time="6.005" classname="clark.qa.testcases.HomePageTest"/>
  <system-out/>
  <testcase name="validateClarkLogoHomePage" time="12.254" classname="clark.qa.testcases.HomePageTest"/>
  <system-out/>
  <testcase name="validateUserIsAbleToClickOnDistributionTab" time="15.127" classname="clark.qa.testcases.HomePageTest"/>
  <system-out/>
</testsuite> <!-- clark.qa.testcases.HomePageTest -->
